{
  "RSpec": {
    "coverage": {
      "/mnt/c/workspace/test_cr_api/config/environment.rb": [
        null,
        1,
        null,
        null,
        1
      ],
      "/mnt/c/workspace/test_cr_api/config/application.rb": [
        1,
        null,
        1,
        null,
        1,
        1,
        1,
        1,
        1,
        1,
        1,
        1,
        null,
        1,
        null,
        null,
        null,
        1,
        null,
        1,
        1,
        null,
        1,
        null,
        null,
        null,
        null,
        null,
        null,
        null,
        null,
        null,
        1,
        null,
        null
      ],
      "/mnt/c/workspace/test_cr_api/config/boot.rb": [
        1,
        null,
        1,
        1
      ],
      "/mnt/c/workspace/test_cr_api/config/environments/test.rb": [
        1,
        null,
        null,
        null,
        null,
        null,
        null,
        1,
        null,
        null,
        null,
        null,
        1,
        null,
        null,
        1,
        1,
        null,
        null,
        null,
        null,
        1,
        1,
        null,
        null,
        1,
        null,
        null,
        1,
        null,
        null,
        1,
        null,
        1,
        null,
        null,
        null,
        null,
        1,
        null,
        null,
        1,
        null,
        null,
        null,
        null
      ],
      "/mnt/c/workspace/test_cr_api/config/initializers/application_controller_renderer.rb": [
        null,
        null,
        null,
        null,
        null,
        null,
        null,
        null
      ],
      "/mnt/c/workspace/test_cr_api/config/initializers/backtrace_silencers.rb": [
        null,
        null,
        null,
        null,
        null,
        null,
        null
      ],
      "/mnt/c/workspace/test_cr_api/config/initializers/cors.rb": [
        null,
        null,
        null,
        null,
        null,
        null,
        null,
        null,
        null,
        null,
        null,
        null,
        null,
        null,
        null,
        null
      ],
      "/mnt/c/workspace/test_cr_api/config/initializers/filter_parameter_logging.rb": [
        null,
        null,
        null,
        1
      ],
      "/mnt/c/workspace/test_cr_api/config/initializers/inflections.rb": [
        null,
        null,
        null,
        null,
        null,
        null,
        null,
        null,
        null,
        null,
        null,
        null,
        null,
        null,
        null,
        null
      ],
      "/mnt/c/workspace/test_cr_api/config/initializers/mime_types.rb": [
        null,
        null,
        null,
        null
      ],
      "/mnt/c/workspace/test_cr_api/config/initializers/wrap_parameters.rb": [
        null,
        null,
        null,
        null,
        null,
        null,
        1,
        1,
        null,
        null,
        null,
        null,
        null,
        null
      ],
      "/mnt/c/workspace/test_cr_api/config/routes.rb": [
        1,
        null,
        null
      ],
      "/mnt/c/workspace/test_cr_api/app/models/cart_item.rb": [
        1,
        1,
        1,
        null,
        1,
        null,
        1,
        4,
        null,
        null,
        1,
        null,
        1,
        10,
        null,
        null
      ],
      "/mnt/c/workspace/test_cr_api/app/models/application_record.rb": [
        null,
        null,
        null,
        1,
        1,
        null
      ],
      "/mnt/c/workspace/test_cr_api/spec/models/cart_spec.rb": [
        1,
        null,
        1,
        5,
        5,
        null,
        1,
        2,
        null,
        null,
        1,
        2,
        null,
        1,
        1,
        1,
        null,
        null,
        null,
        1,
        2,
        null,
        1,
        1,
        1,
        1,
        null,
        null,
        null,
        1,
        2,
        2,
        null,
        1,
        1,
        1,
        null,
        1,
        1,
        null,
        null,
        null,
        null
      ],
      "/mnt/c/workspace/test_cr_api/app/models/cart.rb": [
        1,
        1,
        1,
        null,
        1,
        null,
        1,
        10,
        10,
        10,
        null,
        null,
        1,
        3,
        3,
        3,
        3,
        null,
        null,
        1,
        16,
        null,
        null,
        1,
        2,
        null,
        null,
        1,
        null,
        1,
        2,
        0,
        null,
        null,
        null
      ],
      "/mnt/c/workspace/test_cr_api/spec/models/customer_spec.rb": [
        1,
        null,
        1,
        1,
        2,
        null,
        null,
        1,
        2,
        2,
        null,
        2,
        null,
        null
      ],
      "/mnt/c/workspace/test_cr_api/app/models/customer.rb": [
        1,
        1,
        null,
        1,
        14,
        null,
        null
      ],
      "/mnt/c/workspace/test_cr_api/spec/models/medicine_spec.rb": [
        1,
        null,
        1,
        5,
        5,
        null,
        1,
        1,
        1,
        null,
        null,
        1,
        2,
        null,
        1,
        1,
        null,
        null,
        null,
        null,
        1,
        1,
        1,
        null,
        null,
        1,
        2,
        null,
        null,
        null,
        1,
        1,
        1,
        1,
        null,
        null,
        null
      ],
      "/mnt/c/workspace/test_cr_api/app/models/medicine.rb": [
        1,
        1,
        2,
        null,
        null,
        1,
        9,
        7,
        7,
        null,
        null,
        1,
        3,
        3,
        null,
        null
      ],
      "/mnt/c/workspace/test_cr_api/spec/services/cart_service_spec.rb": [
        1,
        null,
        1,
        10,
        9,
        10,
        7,
        null,
        1,
        1,
        1,
        2,
        2,
        2,
        null,
        null,
        2,
        2,
        null,
        null,
        1,
        3,
        2,
        null,
        null,
        null,
        1,
        1,
        1,
        2,
        2,
        2,
        2,
        null,
        null,
        2,
        2,
        null,
        null,
        1,
        1,
        1,
        null,
        null,
        3,
        null,
        null,
        null,
        1,
        1,
        1,
        1,
        null,
        null,
        null,
        1,
        3,
        null,
        1,
        1,
        null,
        null,
        1,
        2,
        null,
        null,
        null
      ],
      "/mnt/c/workspace/test_cr_api/app/services/cart_service.rb": [
        1,
        1,
        null,
        1,
        9,
        null,
        null,
        1,
        7,
        6,
        null,
        null,
        1,
        3,
        2,
        2,
        null,
        null,
        1,
        1,
        null,
        null,
        1,
        2,
        null,
        null
      ]
    },
    "timestamp": 1565200630
  }
}
